[  0%] Built target roscpp_generate_messages_cpp
[  0%] Built target roscpp_generate_messages_lisp
[  0%] Built target roscpp_generate_messages_eus
[  0%] Built target roscpp_generate_messages_nodejs
[  0%] Built target roscpp_generate_messages_py
[  0%] Built target std_msgs_generate_messages_py
[  0%] Built target rosgraph_msgs_generate_messages_cpp
[  0%] Built target rosgraph_msgs_generate_messages_eus
[  0%] Built target rosgraph_msgs_generate_messages_lisp
[  0%] Built target rosgraph_msgs_generate_messages_nodejs
[  0%] Built target rosgraph_msgs_generate_messages_py
[  0%] Built target std_msgs_generate_messages_eus
[  0%] Built target std_msgs_generate_messages_cpp
[  0%] Built target std_msgs_generate_messages_lisp
[  0%] Built target std_msgs_generate_messages_nodejs
[ 50%] [32mBuilding CXX object CMakeFiles/rospub.dir/src/main.cpp.o[0m
[1m/Users/yeontaemin/github/algorithm_ws/src/ROS/C++/rospub/src/main.cpp:1:10: [0m[0;1;31mfatal error: [0m[1m'ros/ros.h' file not found[0m
#include <ros/ros.h>
[0;1;32m         ^~~~~~~~~~~
[0m1 error generated.
make[2]: *** [CMakeFiles/rospub.dir/build.make:76: CMakeFiles/rospub.dir/src/main.cpp.o] Error 1
make[1]: *** [CMakeFiles/Makefile2:637: CMakeFiles/rospub.dir/all] Error 2
make: *** [Makefile:146: all] Error 2
